{"/home/zqz/study/node-cnblogs-spider /lib/node-cnblogs-spider.js":{"path":"/home/zqz/study/node-cnblogs-spider /lib/node-cnblogs-spider.js","s":{"1":1,"2":1,"3":1,"4":1,"5":1,"6":1,"7":1,"8":1,"9":1,"10":1,"11":1,"12":0,"13":1,"14":0,"15":0,"16":0,"17":0,"18":0,"19":0,"20":1,"21":0,"22":0,"23":0,"24":0,"25":0,"26":0,"27":0,"28":0,"29":0,"30":0,"31":0,"32":0,"33":0,"34":0,"35":1,"36":0,"37":0,"38":0,"39":0,"40":0,"41":0,"42":0,"43":1,"44":1,"45":0,"46":1,"47":0,"48":1,"49":0},"b":{"1":[1,0],"2":[1,1],"3":[0,0],"4":[0,0],"5":[0,0]},"f":{"1":1,"2":1,"3":1,"4":0,"5":0,"6":0,"7":0,"8":0,"9":0,"10":0,"11":0,"12":0,"13":0,"14":0,"15":0,"16":0,"17":0},"fnMap":{"1":{"name":"requestPromise","line":8,"loc":{"start":{"line":8,"column":0},"end":{"line":8,"column":29}}},"2":{"name":"(anonymous_2)","line":9,"loc":{"start":{"line":9,"column":23},"end":{"line":9,"column":49}}},"3":{"name":"(anonymous_3)","line":10,"loc":{"start":{"line":10,"column":21},"end":{"line":10,"column":53}}},"4":{"name":"getHref","line":21,"loc":{"start":{"line":21,"column":0},"end":{"line":21,"column":25}}},"5":{"name":"getArticle","line":37,"loc":{"start":{"line":37,"column":0},"end":{"line":37,"column":26}}},"6":{"name":"(anonymous_6)","line":38,"loc":{"start":{"line":38,"column":22},"end":{"line":38,"column":52}}},"7":{"name":"(anonymous_7)","line":42,"loc":{"start":{"line":42,"column":22},"end":{"line":42,"column":39}}},"8":{"name":"(anonymous_8)","line":51,"loc":{"start":{"line":51,"column":22},"end":{"line":51,"column":39}}},"9":{"name":"(anonymous_9)","line":58,"loc":{"start":{"line":58,"column":41},"end":{"line":58,"column":65}}},"10":{"name":"(anonymous_10)","line":73,"loc":{"start":{"line":73,"column":15},"end":{"line":73,"column":29}}},"11":{"name":"getAllArticles","line":81,"loc":{"start":{"line":81,"column":0},"end":{"line":81,"column":30}}},"12":{"name":"(anonymous_12)","line":87,"loc":{"start":{"line":87,"column":18},"end":{"line":87,"column":35}}},"13":{"name":"(anonymous_13)","line":90,"loc":{"start":{"line":90,"column":18},"end":{"line":90,"column":35}}},"14":{"name":"(anonymous_14)","line":93,"loc":{"start":{"line":93,"column":19},"end":{"line":93,"column":33}}},"15":{"name":"(anonymous_15)","line":105,"loc":{"start":{"line":105,"column":19},"end":{"line":105,"column":32}}},"16":{"name":"(anonymous_16)","line":108,"loc":{"start":{"line":108,"column":18},"end":{"line":108,"column":31}}},"17":{"name":"(anonymous_17)","line":111,"loc":{"start":{"line":111,"column":31},"end":{"line":111,"column":44}}}},"statementMap":{"1":{"start":{"line":1,"column":0},"end":{"line":1,"column":40}},"2":{"start":{"line":2,"column":0},"end":{"line":2,"column":33}},"3":{"start":{"line":3,"column":0},"end":{"line":3,"column":33}},"4":{"start":{"line":4,"column":0},"end":{"line":4,"column":23}},"5":{"start":{"line":5,"column":0},"end":{"line":5,"column":33}},"6":{"start":{"line":6,"column":0},"end":{"line":6,"column":30}},"7":{"start":{"line":8,"column":0},"end":{"line":19,"column":1}},"8":{"start":{"line":9,"column":4},"end":{"line":18,"column":6}},"9":{"start":{"line":10,"column":8},"end":{"line":16,"column":10}},"10":{"start":{"line":11,"column":12},"end":{"line":15,"column":13}},"11":{"start":{"line":12,"column":16},"end":{"line":12,"column":30}},"12":{"start":{"line":14,"column":16},"end":{"line":14,"column":30}},"13":{"start":{"line":21,"column":0},"end":{"line":29,"column":1}},"14":{"start":{"line":22,"column":4},"end":{"line":22,"column":33}},"15":{"start":{"line":23,"column":4},"end":{"line":23,"column":43}},"16":{"start":{"line":24,"column":4},"end":{"line":24,"column":22}},"17":{"start":{"line":25,"column":4},"end":{"line":27,"column":5}},"18":{"start":{"line":26,"column":8},"end":{"line":26,"column":46}},"19":{"start":{"line":28,"column":4},"end":{"line":28,"column":20}},"20":{"start":{"line":37,"column":0},"end":{"line":79,"column":1}},"21":{"start":{"line":38,"column":4},"end":{"line":78,"column":6}},"22":{"start":{"line":39,"column":12},"end":{"line":39,"column":28}},"23":{"start":{"line":41,"column":12},"end":{"line":75,"column":10}},"24":{"start":{"line":43,"column":20},"end":{"line":43,"column":49}},"25":{"start":{"line":44,"column":20},"end":{"line":49,"column":22}},"26":{"start":{"line":52,"column":18},"end":{"line":52,"column":66}},"27":{"start":{"line":54,"column":24},"end":{"line":54,"column":133}},"28":{"start":{"line":55,"column":20},"end":{"line":65,"column":22}},"29":{"start":{"line":59,"column":32},"end":{"line":61,"column":33}},"30":{"start":{"line":60,"column":36},"end":{"line":60,"column":68}},"31":{"start":{"line":62,"column":32},"end":{"line":62,"column":47}},"32":{"start":{"line":66,"column":20},"end":{"line":70,"column":30}},"33":{"start":{"line":70,"column":31},"end":{"line":70,"column":63}},"34":{"start":{"line":74,"column":12},"end":{"line":74,"column":43}},"35":{"start":{"line":81,"column":0},"end":{"line":98,"column":1}},"36":{"start":{"line":82,"column":4},"end":{"line":84,"column":5}},"37":{"start":{"line":83,"column":8},"end":{"line":83,"column":15}},"38":{"start":{"line":85,"column":4},"end":{"line":96,"column":5}},"39":{"start":{"line":86,"column":8},"end":{"line":95,"column":14}},"40":{"start":{"line":88,"column":16},"end":{"line":88,"column":39}},"41":{"start":{"line":91,"column":16},"end":{"line":91,"column":34}},"42":{"start":{"line":94,"column":16},"end":{"line":94,"column":56}},"43":{"start":{"line":100,"column":0},"end":{"line":100,"column":31}},"44":{"start":{"line":105,"column":0},"end":{"line":107,"column":2}},"45":{"start":{"line":106,"column":1},"end":{"line":106,"column":34}},"46":{"start":{"line":108,"column":0},"end":{"line":110,"column":2}},"47":{"start":{"line":109,"column":1},"end":{"line":109,"column":34}},"48":{"start":{"line":111,"column":0},"end":{"line":113,"column":2}},"49":{"start":{"line":112,"column":1},"end":{"line":112,"column":45}}},"branchMap":{"1":{"line":11,"type":"if","locations":[{"start":{"line":11,"column":12},"end":{"line":11,"column":12}},{"start":{"line":11,"column":12},"end":{"line":11,"column":12}}]},"2":{"line":11,"type":"binary-expr","locations":[{"start":{"line":11,"column":16},"end":{"line":11,"column":22}},{"start":{"line":11,"column":26},"end":{"line":11,"column":52}}]},"3":{"line":59,"type":"if","locations":[{"start":{"line":59,"column":32},"end":{"line":59,"column":32}},{"start":{"line":59,"column":32},"end":{"line":59,"column":32}}]},"4":{"line":82,"type":"if","locations":[{"start":{"line":82,"column":4},"end":{"line":82,"column":4}},{"start":{"line":82,"column":4},"end":{"line":82,"column":4}}]},"5":{"line":82,"type":"binary-expr","locations":[{"start":{"line":82,"column":7},"end":{"line":82,"column":12}},{"start":{"line":82,"column":16},"end":{"line":82,"column":40}}]}}}}