TN:
SF:/home/zqz/study/node-cnblogs-spider /lib/node-cnblogs-spider.js
FN:8,requestPromise
FN:9,(anonymous_2)
FN:10,(anonymous_3)
FN:21,getHref
FN:37,getArticle
FN:38,(anonymous_6)
FN:42,(anonymous_7)
FN:51,(anonymous_8)
FN:58,(anonymous_9)
FN:73,(anonymous_10)
FN:81,getAllArticles
FN:87,(anonymous_12)
FN:90,(anonymous_13)
FN:93,(anonymous_14)
FN:105,(anonymous_15)
FN:108,(anonymous_16)
FN:111,(anonymous_17)
FNF:17
FNH:3
FNDA:1,requestPromise
FNDA:1,(anonymous_2)
FNDA:1,(anonymous_3)
FNDA:0,getHref
FNDA:0,getArticle
FNDA:0,(anonymous_6)
FNDA:0,(anonymous_7)
FNDA:0,(anonymous_8)
FNDA:0,(anonymous_9)
FNDA:0,(anonymous_10)
FNDA:0,getAllArticles
FNDA:0,(anonymous_12)
FNDA:0,(anonymous_13)
FNDA:0,(anonymous_14)
FNDA:0,(anonymous_15)
FNDA:0,(anonymous_16)
FNDA:0,(anonymous_17)
DA:1,1
DA:2,1
DA:3,1
DA:4,1
DA:5,1
DA:6,1
DA:8,1
DA:9,1
DA:10,1
DA:11,1
DA:12,1
DA:14,0
DA:21,1
DA:22,0
DA:23,0
DA:24,0
DA:25,0
DA:26,0
DA:28,0
DA:37,1
DA:38,0
DA:39,0
DA:41,0
DA:43,0
DA:44,0
DA:52,0
DA:54,0
DA:55,0
DA:59,0
DA:60,0
DA:62,0
DA:66,0
DA:70,0
DA:74,0
DA:81,1
DA:82,0
DA:83,0
DA:85,0
DA:86,0
DA:88,0
DA:91,0
DA:94,0
DA:100,1
DA:105,1
DA:106,0
DA:108,1
DA:109,0
DA:111,1
DA:112,0
LF:49
LH:18
BRDA:11,1,0,1
BRDA:11,1,1,0
BRDA:11,2,0,1
BRDA:11,2,1,1
BRDA:59,3,0,0
BRDA:59,3,1,0
BRDA:82,4,0,0
BRDA:82,4,1,0
BRDA:82,5,0,0
BRDA:82,5,1,0
BRF:10
BRH:3
end_of_record
